\BOOKMARK [0][-]{chapter.1}{\376\377\0001\000\040\000F\000i\000l\000e\000\040\000I\000n\000d\000e\000x}{}% 1
\BOOKMARK [1][-]{section.1.1}{\376\377\0001\000.\0001\000\040\000F\000i\000l\000e\000\040\000L\000i\000s\000t}{chapter.1}% 2
\BOOKMARK [0][-]{chapter.2}{\376\377\0002\000\040\000F\000i\000l\000e\000\040\000D\000o\000c\000u\000m\000e\000n\000t\000a\000t\000i\000o\000n}{}% 3
\BOOKMARK [1][-]{section.2.1}{\376\377\0002\000.\0001\000\040\000/\000U\000s\000e\000r\000s\000/\000a\000t\000a\000n\000t\000e\000t\000/\000P\000h\000D\000/\000d\000e\000v\000/\000A\000T\000S\000u\000i\000t\000e\000/\000c\000p\000p\000/\000a\000t\000g\000r\000a\000p\000h\000.\000h\000p\000p\000\040\000F\000i\000l\000e\000\040\000R\000e\000f\000e\000r\000e\000n\000c\000e}{chapter.2}% 4
\BOOKMARK [2][-]{subsection.2.1.1}{\376\377\0002\000.\0001\000.\0001\000\040\000T\000y\000p\000e\000d\000e\000f\000\040\000D\000o\000c\000u\000m\000e\000n\000t\000a\000t\000i\000o\000n}{section.2.1}% 5
\BOOKMARK [3][-]{subsubsection.2.1.1.1}{\376\377\0002\000.\0001\000.\0001\000.\0001\000\040\000S\000p\000M\000a\000t}{subsection.2.1.1}% 6
\BOOKMARK [3][-]{subsubsection.2.1.1.2}{\376\377\0002\000.\0001\000.\0001\000.\0002\000\040\000S\000p\000M\000a\000t\000C\000S\000R}{subsection.2.1.1}% 7
\BOOKMARK [3][-]{subsubsection.2.1.1.3}{\376\377\0002\000.\0001\000.\0001\000.\0003\000\040\000T\000r\000i}{subsection.2.1.1}% 8
\BOOKMARK [2][-]{subsection.2.1.2}{\376\377\0002\000.\0001\000.\0002\000\040\000F\000u\000n\000c\000t\000i\000o\000n\000\040\000D\000o\000c\000u\000m\000e\000n\000t\000a\000t\000i\000o\000n}{section.2.1}% 9
\BOOKMARK [3][-]{subsubsection.2.1.2.1}{\376\377\0002\000.\0001\000.\0002\000.\0001\000\040\000a\000d\000d\000C\000o\000l\0002\000C\000o\000l\000\050\000S\000p\000M\000a\000t\000\040\000*\000T\000,\000\040\000i\000n\000t\000\040\000j\000s\000r\000c\000,\000\040\000i\000n\000t\000\040\000j\000d\000s\000t\000\051}{subsection.2.1.2}% 10
\BOOKMARK [3][-]{subsubsection.2.1.2.2}{\376\377\0002\000.\0001\000.\0002\000.\0002\000\040\000a\000d\000d\000C\000o\000l\0002\000C\000o\000l\000T\000r\000i\000p\000l\000e\000t\000\050\000S\000p\000M\000a\000t\000\040\000*\000T\000,\000\040\000i\000n\000t\000\040\000j\000S\000r\000c\000,\000\040\000i\000n\000t\000\040\000j\000D\000s\000t\000\051}{subsection.2.1.2}% 11
\BOOKMARK [3][-]{subsubsection.2.1.2.3}{\376\377\0002\000.\0001\000.\0002\000.\0003\000\040\000a\000d\000d\000R\000o\000w\0002\000R\000o\000w\000\050\000S\000p\000M\000a\000t\000\040\000*\000T\000,\000\040\000i\000n\000t\000\040\000i\000s\000r\000c\000,\000\040\000i\000n\000t\000\040\000i\000d\000s\000t\000\051}{subsection.2.1.2}% 12
\BOOKMARK [3][-]{subsubsection.2.1.2.4}{\376\377\0002\000.\0001\000.\0002\000.\0004\000\040\000a\000d\000d\000R\000o\000w\0002\000R\000o\000w\000T\000r\000i\000p\000l\000e\000t\000\050\000S\000p\000M\000a\000t\000\040\000*\000T\000,\000\040\000i\000n\000t\000\040\000i\000S\000r\000c\000,\000\040\000i\000n\000t\000\040\000i\000D\000s\000t\000\051}{subsection.2.1.2}% 13
\BOOKMARK [3][-]{subsubsection.2.1.2.5}{\376\377\0002\000.\0001\000.\0002\000.\0005\000\040\000a\000d\000d\000R\000o\000w\0002\000R\000o\000w\000T\000r\000i\000p\000l\000e\000t\000\050\000S\000p\000M\000a\000t\000\040\000*\000T\000,\000\040\000i\000n\000t\000\040\000i\000S\000r\000c\000,\000\040\000i\000n\000t\000\040\000i\000D\000s\000t\000,\000\040\000S\000p\000M\000a\000t\000C\000S\000R\000\040\000*\000T\000C\000S\000R\000\051}{subsection.2.1.2}% 14
\BOOKMARK [3][-]{subsubsection.2.1.2.6}{\376\377\0002\000.\0001\000.\0002\000.\0006\000\040\000a\000r\000r\000a\000y\0002\000i\000g\000r\000a\000p\000h\000\050\000F\000I\000L\000E\000\040\000*\000f\000,\000\040\000i\000n\000t\000\040\000N\000,\000\040\000i\000g\000r\000a\000p\000h\000t\000\040\000*\000d\000s\000t\000g\000r\000a\000p\000h\000\051}{subsection.2.1.2}% 15
\BOOKMARK [3][-]{subsubsection.2.1.2.7}{\376\377\0002\000.\0001\000.\0002\000.\0007\000\040\000E\000i\000g\000e\000n\000S\000p\000a\000r\000s\000e\0002\000P\000a\000j\000e\000k\000\050\000F\000I\000L\000E\000\040\000*\000f\000,\000\040\000S\000p\000M\000a\000t\000C\000S\000R\000\040\000*\000P\000\051}{subsection.2.1.2}% 16
\BOOKMARK [3][-]{subsubsection.2.1.2.8}{\376\377\0002\000.\0001\000.\0002\000.\0008\000\040\000g\000e\000t\000M\000o\000d\000u\000l\000a\000r\000i\000t\000y\000\050\000S\000p\000M\000a\000t\000\040\000*\000T\000\051}{subsection.2.1.2}% 17
\BOOKMARK [3][-]{subsubsection.2.1.2.9}{\376\377\0002\000.\0001\000.\0002\000.\0009\000\040\000i\000g\000r\000a\000p\000h\0002\000E\000i\000g\000e\000n\000S\000p\000a\000r\000s\000e\000\050\000i\000g\000r\000a\000p\000h\000t\000\040\000*\000s\000r\000c\000G\000r\000a\000p\000h\000\051}{subsection.2.1.2}% 18
\BOOKMARK [3][-]{subsubsection.2.1.2.10}{\376\377\0002\000.\0001\000.\0002\000.\0001\0000\000\040\000p\000a\000j\000e\000k\0002\000E\000i\000g\000e\000n\000S\000p\000a\000r\000s\000e\000\050\000F\000I\000L\000E\000\040\000*\000f\000\051}{subsection.2.1.2}% 19
\BOOKMARK [3][-]{subsubsection.2.1.2.11}{\376\377\0002\000.\0001\000.\0002\000.\0001\0001\000\040\000p\000a\000j\000e\000k\0002\000i\000g\000r\000a\000p\000h\000\050\000F\000I\000L\000E\000\040\000*\000f\000,\000\040\000i\000g\000r\000a\000p\000h\000t\000\040\000*\000d\000s\000t\000g\000r\000a\000p\000h\000\051}{subsection.2.1.2}% 20
\BOOKMARK [3][-]{subsubsection.2.1.2.12}{\376\377\0002\000.\0001\000.\0002\000.\0001\0002\000\040\000p\000a\000j\000e\000k\0002\000i\000g\000r\000a\000p\000h\000N\000o\000V\000e\000r\000t\000i\000c\000e\000s\000\050\000F\000I\000L\000E\000\040\000*\000f\000,\000\040\000i\000g\000r\000a\000p\000h\000t\000\040\000*\000d\000s\000t\000g\000r\000a\000p\000h\000,\000\040\000i\000n\000t\000\040\000v\000e\000r\000t\000e\000x\000i\000d\0000\000\051}{subsection.2.1.2}% 21
\BOOKMARK [3][-]{subsubsection.2.1.2.13}{\376\377\0002\000.\0001\000.\0002\000.\0001\0003\000\040\000p\000a\000j\000e\000k\0002\000i\000g\000r\000a\000p\000h\000S\000y\000m\000\050\000F\000I\000L\000E\000\040\000*\000f\000,\000\040\000i\000g\000r\000a\000p\000h\000t\000\040\000*\000d\000s\000t\000g\000r\000a\000p\000h\000\051}{subsection.2.1.2}% 22
\BOOKMARK [3][-]{subsubsection.2.1.2.14}{\376\377\0002\000.\0001\000.\0002\000.\0001\0004\000\040\000s\000c\000a\000l\000P\000r\000o\000d\000I\000n\000n\000e\000r\000\050\000S\000p\000M\000a\000t\000\040\000*\000T\000,\000\040\000i\000n\000t\000\040\000o\000u\000t\000e\000r\000,\000\040\000d\000o\000u\000b\000l\000e\000\040\000c\000o\000e\000f\000\051}{subsection.2.1.2}% 23
\BOOKMARK [3][-]{subsubsection.2.1.2.15}{\376\377\0002\000.\0001\000.\0002\000.\0001\0005\000\040\000s\000c\000a\000l\000P\000r\000o\000d\000O\000u\000t\000e\000r\000\050\000S\000p\000M\000a\000t\000\040\000*\000T\000,\000\040\000i\000n\000t\000\040\000i\000n\000n\000e\000r\000,\000\040\000d\000o\000u\000b\000l\000e\000\040\000c\000o\000e\000f\000\051}{subsection.2.1.2}% 24
\BOOKMARK [1][-]{section.2.2}{\376\377\0002\000.\0002\000\040\000/\000U\000s\000e\000r\000s\000/\000a\000t\000a\000n\000t\000e\000t\000/\000P\000h\000D\000/\000d\000e\000v\000/\000A\000T\000S\000u\000i\000t\000e\000/\000c\000p\000p\000/\000a\000t\000g\000r\000a\000p\000h\000\137\000a\000l\000g\000l\000i\000b\000.\000h\000p\000p\000\040\000F\000i\000l\000e\000\040\000R\000e\000f\000e\000r\000e\000n\000c\000e}{chapter.2}% 25
\BOOKMARK [2][-]{subsection.2.2.1}{\376\377\0002\000.\0002\000.\0001\000\040\000M\000a\000c\000r\000o\000\040\000D\000e\000f\000i\000n\000i\000t\000i\000o\000n\000\040\000D\000o\000c\000u\000m\000e\000n\000t\000a\000t\000i\000o\000n}{section.2.2}% 26
\BOOKMARK [3][-]{subsubsection.2.2.1.1}{\376\377\0002\000.\0002\000.\0001\000.\0001\000\040\000p\000l\000o\000g\0002\000p}{subsection.2.2.1}% 27
\BOOKMARK [2][-]{subsection.2.2.2}{\376\377\0002\000.\0002\000.\0002\000\040\000T\000y\000p\000e\000d\000e\000f\000\040\000D\000o\000c\000u\000m\000e\000n\000t\000a\000t\000i\000o\000n}{section.2.2}% 28
\BOOKMARK [3][-]{subsubsection.2.2.2.1}{\376\377\0002\000.\0002\000.\0002\000.\0001\000\040\000s\000p\000A\000l\000g}{subsection.2.2.2}% 29
\BOOKMARK [2][-]{subsection.2.2.3}{\376\377\0002\000.\0002\000.\0003\000\040\000F\000u\000n\000c\000t\000i\000o\000n\000\040\000D\000o\000c\000u\000m\000e\000n\000t\000a\000t\000i\000o\000n}{section.2.2}% 30
\BOOKMARK [3][-]{subsubsection.2.2.3.1}{\376\377\0002\000.\0002\000.\0003\000.\0001\000\040\000e\000n\000t\000r\000o\000p\000y\000\050\000r\000e\000a\000l\0001\000d\000a\000r\000r\000a\000y\000\040\000*\000d\000i\000s\000t\000\051}{subsection.2.2.3}% 31
\BOOKMARK [3][-]{subsubsection.2.2.3.2}{\376\377\0002\000.\0002\000.\0003\000.\0002\000\040\000e\000n\000t\000r\000o\000p\000y\000R\000a\000t\000e\000\050\000s\000p\000A\000l\000g\000\040\000*\000T\000,\000\040\000r\000e\000a\000l\0001\000d\000a\000r\000r\000a\000y\000\040\000*\000d\000i\000s\000t\000\051}{subsection.2.2.3}% 32
\BOOKMARK [3][-]{subsubsection.2.2.3.3}{\376\377\0002\000.\0002\000.\0003\000.\0003\000\040\000g\000e\000t\000M\000i\000n\000\050\000r\000e\000a\000l\0001\000d\000a\000r\000r\000a\000y\000\040\000*\000v\000,\000\040\000i\000n\000t\000\040\000*\000a\000r\000g\000\051}{subsection.2.2.3}% 33
\BOOKMARK [3][-]{subsubsection.2.2.3.4}{\376\377\0002\000.\0002\000.\0003\000.\0004\000\040\000g\000e\000t\000M\000i\000n\000\050\000i\000n\000t\000e\000g\000e\000r\0001\000d\000a\000r\000r\000a\000y\000\040\000*\000v\000,\000\040\000i\000n\000t\000\040\000*\000a\000r\000g\000\051}{subsection.2.2.3}% 34
\BOOKMARK [3][-]{subsubsection.2.2.3.5}{\376\377\0002\000.\0002\000.\0003\000.\0005\000\040\000g\000e\000t\000N\000N\000Z\000\050\000s\000p\000A\000l\000g\000\040\000*\000s\000\051}{subsection.2.2.3}% 35
\BOOKMARK [3][-]{subsubsection.2.2.3.6}{\376\377\0002\000.\0002\000.\0003\000.\0006\000\040\000i\000g\000r\000a\000p\000h\0002\000H\000a\000s\000h\000T\000a\000b\000l\000e\000\050\000i\000g\000r\000a\000p\000h\000t\000\040\000*\000s\000r\000c\000G\000r\000a\000p\000h\000\051}{subsection.2.2.3}% 36
\BOOKMARK [3][-]{subsubsection.2.2.3.7}{\376\377\0002\000.\0002\000.\0003\000.\0007\000\040\000p\000a\000j\000e\000k\0002\000H\000a\000s\000h\000T\000a\000b\000l\000e\000\050\000F\000I\000L\000E\000\040\000*\000f\000\051}{subsection.2.2.3}% 37
\BOOKMARK [3][-]{subsubsection.2.2.3.8}{\376\377\0002\000.\0002\000.\0003\000.\0008\000\040\000s\000e\000t\000C\000o\000l\000\050\000r\000e\000a\000l\0002\000d\000a\000r\000r\000a\000y\000\040\000*\000a\000,\000\040\000r\000e\000a\000l\0001\000d\000a\000r\000r\000a\000y\000\040\000*\000c\000o\000l\000,\000\040\000i\000n\000t\000\040\000j\000\051}{subsection.2.2.3}% 38
\BOOKMARK [3][-]{subsubsection.2.2.3.9}{\376\377\0002\000.\0002\000.\0003\000.\0009\000\040\000s\000e\000t\000C\000o\000l\000\050\000i\000n\000t\000e\000g\000e\000r\0002\000d\000a\000r\000r\000a\000y\000\040\000*\000a\000,\000\040\000i\000n\000t\000e\000g\000e\000r\0001\000d\000a\000r\000r\000a\000y\000\040\000*\000c\000o\000l\000,\000\040\000i\000n\000t\000\040\000j\000\051}{subsection.2.2.3}% 39
\BOOKMARK [3][-]{subsubsection.2.2.3.10}{\376\377\0002\000.\0002\000.\0003\000.\0001\0000\000\040\000s\000e\000t\000C\000o\000n\000s\000t\000a\000n\000t\000\050\000r\000e\000a\000l\0001\000d\000a\000r\000r\000a\000y\000\040\000*\000v\000,\000\040\000d\000o\000u\000b\000l\000e\000\040\000c\000o\000n\000s\000t\000a\000n\000t\000\051}{subsection.2.2.3}% 40
\BOOKMARK [3][-]{subsubsection.2.2.3.11}{\376\377\0002\000.\0002\000.\0003\000.\0001\0001\000\040\000s\000e\000t\000C\000o\000n\000s\000t\000a\000n\000t\000\050\000i\000n\000t\000e\000g\000e\000r\0001\000d\000a\000r\000r\000a\000y\000\040\000*\000v\000,\000\040\000i\000n\000t\000\040\000c\000o\000n\000s\000t\000a\000n\000t\000\051}{subsection.2.2.3}% 41
\BOOKMARK [3][-]{subsubsection.2.2.3.12}{\376\377\0002\000.\0002\000.\0003\000.\0001\0002\000\040\000s\000e\000t\000L\000i\000n\000S\000p\000a\000c\000e\000d\000\050\000r\000e\000a\000l\0001\000d\000a\000r\000r\000a\000y\000\040\000*\000v\000,\000\040\000d\000o\000u\000b\000l\000e\000\040\000l\000o\000w\000,\000\040\000d\000o\000u\000b\000l\000e\000\040\000h\000i\000g\000h\000\051}{subsection.2.2.3}% 42
\BOOKMARK [3][-]{subsubsection.2.2.3.13}{\376\377\0002\000.\0002\000.\0003\000.\0001\0003\000\040\000s\000e\000t\000L\000i\000n\000S\000p\000a\000c\000e\000d\000\050\000i\000n\000t\000e\000g\000e\000r\0001\000d\000a\000r\000r\000a\000y\000\040\000*\000v\000,\000\040\000i\000n\000t\000\040\000l\000o\000w\000,\000\040\000i\000n\000t\000\040\000h\000i\000g\000h\000\051}{subsection.2.2.3}% 43
\BOOKMARK [3][-]{subsubsection.2.2.3.14}{\376\377\0002\000.\0002\000.\0003\000.\0001\0004\000\040\000s\000e\000t\000R\000o\000w\000\050\000r\000e\000a\000l\0002\000d\000a\000r\000r\000a\000y\000\040\000*\000a\000,\000\040\000r\000e\000a\000l\0001\000d\000a\000r\000r\000a\000y\000\040\000*\000r\000o\000w\000,\000\040\000i\000n\000t\000\040\000i\000\051}{subsection.2.2.3}% 44
\BOOKMARK [3][-]{subsubsection.2.2.3.15}{\376\377\0002\000.\0002\000.\0003\000.\0001\0005\000\040\000s\000e\000t\000R\000o\000w\000\050\000i\000n\000t\000e\000g\000e\000r\0002\000d\000a\000r\000r\000a\000y\000\040\000*\000a\000,\000\040\000i\000n\000t\000e\000g\000e\000r\0001\000d\000a\000r\000r\000a\000y\000\040\000*\000r\000o\000w\000,\000\040\000i\000n\000t\000\040\000i\000\051}{subsection.2.2.3}% 45
\BOOKMARK [1][-]{section.2.3}{\376\377\0002\000.\0003\000\040\000/\000U\000s\000e\000r\000s\000/\000a\000t\000a\000n\000t\000e\000t\000/\000P\000h\000D\000/\000d\000e\000v\000/\000A\000T\000S\000u\000i\000t\000e\000/\000c\000p\000p\000/\000a\000t\000i\000o\000.\000h\000p\000p\000\040\000F\000i\000l\000e\000\040\000R\000e\000f\000e\000r\000e\000n\000c\000e}{chapter.2}% 46
\BOOKMARK [2][-]{subsection.2.3.1}{\376\377\0002\000.\0003\000.\0001\000\040\000T\000y\000p\000e\000d\000e\000f\000\040\000D\000o\000c\000u\000m\000e\000n\000t\000a\000t\000i\000o\000n}{section.2.3}% 47
\BOOKMARK [3][-]{subsubsection.2.3.1.1}{\376\377\0002\000.\0003\000.\0001\000.\0001\000\040\000S\000p\000M\000a\000t\000C\000S\000C}{subsection.2.3.1}% 48
\BOOKMARK [3][-]{subsubsection.2.3.1.2}{\376\377\0002\000.\0003\000.\0001\000.\0002\000\040\000S\000p\000M\000a\000t\000C\000S\000R}{subsection.2.3.1}% 49
\BOOKMARK [3][-]{subsubsection.2.3.1.3}{\376\377\0002\000.\0003\000.\0001\000.\0003\000\040\000T\000r\000i}{subsection.2.3.1}% 50
\BOOKMARK [2][-]{subsection.2.3.2}{\376\377\0002\000.\0003\000.\0002\000\040\000F\000u\000n\000c\000t\000i\000o\000n\000\040\000D\000o\000c\000u\000m\000e\000n\000t\000a\000t\000i\000o\000n}{section.2.3}% 51
\BOOKMARK [3][-]{subsubsection.2.3.2.1}{\376\377\0002\000.\0003\000.\0002\000.\0001\000\040\000C\000o\000m\000p\000r\000e\000s\000s\000e\000d\0002\000A\000R\000\050\000F\000I\000L\000E\000\040\000*\000\051}{subsection.2.3.2}% 52
\BOOKMARK [3][-]{subsubsection.2.3.2.2}{\376\377\0002\000.\0003\000.\0002\000.\0002\000\040\000C\000o\000m\000p\000r\000e\000s\000s\000e\000d\0002\000E\000d\000g\000e\000L\000i\000s\000t\000\050\000F\000I\000L\000E\000\040\000*\000\051}{subsection.2.3.2}% 53
\BOOKMARK [3][-]{subsubsection.2.3.2.3}{\376\377\0002\000.\0003\000.\0002\000.\0003\000\040\000C\000o\000m\000p\000r\000e\000s\000s\000e\000d\0002\000E\000d\000g\000e\000L\000i\000s\000t\000\050\000F\000I\000L\000E\000\040\000*\000,\000\040\000F\000I\000L\000E\000\040\000*\000\051}{subsection.2.3.2}% 54
\BOOKMARK [3][-]{subsubsection.2.3.2.4}{\376\377\0002\000.\0003\000.\0002\000.\0004\000\040\000C\000o\000m\000p\000r\000e\000s\000s\000e\000d\0002\000E\000i\000g\000e\000n\000\050\000F\000I\000L\000E\000\040\000*\000\051}{subsection.2.3.2}% 55
\BOOKMARK [3][-]{subsubsection.2.3.2.5}{\376\377\0002\000.\0003\000.\0002\000.\0005\000\040\000C\000S\000C\0002\000A\000R\000\050\000F\000I\000L\000E\000\040\000*\000\051}{subsection.2.3.2}% 56
\BOOKMARK [3][-]{subsubsection.2.3.2.6}{\376\377\0002\000.\0003\000.\0002\000.\0006\000\040\000C\000S\000C\0002\000C\000S\000R\000\050\000S\000p\000M\000a\000t\000C\000S\000C\000\040\000*\000T\000\051}{subsection.2.3.2}% 57
\BOOKMARK [3][-]{subsubsection.2.3.2.7}{\376\377\0002\000.\0003\000.\0002\000.\0007\000\040\000C\000S\000R\0002\000C\000S\000C\000\050\000S\000p\000M\000a\000t\000C\000S\000R\000\040\000*\000T\000\051}{subsection.2.3.2}% 58
\BOOKMARK [3][-]{subsubsection.2.3.2.8}{\376\377\0002\000.\0003\000.\0002\000.\0008\000\040\000E\000i\000g\000e\000n\0002\000A\000R\000\050\000S\000p\000M\000a\000t\000C\000S\000C\000\040\000*\000\051}{subsection.2.3.2}% 59
\BOOKMARK [3][-]{subsubsection.2.3.2.9}{\376\377\0002\000.\0003\000.\0002\000.\0009\000\040\000E\000i\000g\000e\000n\0002\000A\000R\000\050\000S\000p\000M\000a\000t\000C\000S\000R\000\040\000*\000\051}{subsection.2.3.2}% 60
\BOOKMARK [3][-]{subsubsection.2.3.2.10}{\376\377\0002\000.\0003\000.\0002\000.\0001\0000\000\040\000E\000i\000g\000e\000n\0002\000A\000R\000S\000y\000m\000\050\000S\000p\000M\000a\000t\000C\000S\000C\000\040\000*\000\051}{subsection.2.3.2}% 61
\BOOKMARK [3][-]{subsubsection.2.3.2.11}{\376\377\0002\000.\0003\000.\0002\000.\0001\0001\000\040\000E\000i\000g\000e\000n\0002\000A\000R\000S\000y\000m\000\050\000S\000p\000M\000a\000t\000C\000S\000R\000\040\000*\000\051}{subsection.2.3.2}% 62
\BOOKMARK [3][-]{subsubsection.2.3.2.12}{\376\377\0002\000.\0003\000.\0002\000.\0001\0002\000\040\000E\000i\000g\000e\000n\0002\000C\000o\000m\000p\000r\000e\000s\000s\000e\000d\000\050\000F\000I\000L\000E\000\040\000*\000,\000\040\000S\000p\000M\000a\000t\000C\000S\000C\000\040\000*\000\051}{subsection.2.3.2}% 63
\BOOKMARK [3][-]{subsubsection.2.3.2.13}{\376\377\0002\000.\0003\000.\0002\000.\0001\0003\000\040\000E\000i\000g\000e\000n\0002\000C\000o\000m\000p\000r\000e\000s\000s\000e\000d\000\050\000F\000I\000L\000E\000\040\000*\000,\000\040\000S\000p\000M\000a\000t\000C\000S\000R\000\040\000*\000\051}{subsection.2.3.2}% 64
\BOOKMARK [3][-]{subsubsection.2.3.2.14}{\376\377\0002\000.\0003\000.\0002\000.\0001\0004\000\040\000E\000i\000g\000e\000n\0002\000P\000a\000j\000e\000k\000\050\000F\000I\000L\000E\000\040\000*\000,\000\040\000S\000p\000M\000a\000t\000C\000S\000R\000\040\000*\000\051}{subsection.2.3.2}% 65
\BOOKMARK [3][-]{subsubsection.2.3.2.15}{\376\377\0002\000.\0003\000.\0002\000.\0001\0005\000\040\000E\000i\000g\000e\000n\0002\000T\000r\000i\000p\000l\000e\000t\000\050\000S\000p\000M\000a\000t\000C\000S\000C\000\040\000*\000\051}{subsection.2.3.2}% 66
\BOOKMARK [3][-]{subsubsection.2.3.2.16}{\376\377\0002\000.\0003\000.\0002\000.\0001\0006\000\040\000E\000i\000g\000e\000n\0002\000T\000r\000i\000p\000l\000e\000t\000\050\000S\000p\000M\000a\000t\000C\000S\000R\000\040\000*\000\051}{subsection.2.3.2}% 67
\BOOKMARK [3][-]{subsubsection.2.3.2.17}{\376\377\0002\000.\0003\000.\0002\000.\0001\0007\000\040\000f\000p\000r\000i\000n\000t\000f\000E\000i\000g\000e\000n\000\050\000F\000I\000L\000E\000\040\000*\000,\000\040\000S\000p\000M\000a\000t\000C\000S\000R\000\040\000*\000\051}{subsection.2.3.2}% 68
\BOOKMARK [3][-]{subsubsection.2.3.2.18}{\376\377\0002\000.\0003\000.\0002\000.\0001\0008\000\040\000f\000p\000r\000i\000n\000t\000f\000E\000i\000g\000e\000n\000\050\000F\000I\000L\000E\000\040\000*\000f\000p\000,\000\040\000S\000p\000M\000a\000t\000C\000S\000R\000\040\000*\000T\000,\000\040\000c\000o\000n\000s\000t\000\040\000c\000h\000a\000r\000\040\000*\000f\000o\000r\000m\000a\000t\000\051}{subsection.2.3.2}% 69
\BOOKMARK [3][-]{subsubsection.2.3.2.19}{\376\377\0002\000.\0003\000.\0002\000.\0001\0009\000\040\000l\000i\000n\000e\000C\000o\000u\000n\000t\000\050\000F\000I\000L\000E\000\040\000*\000\051}{subsection.2.3.2}% 70
\BOOKMARK [3][-]{subsubsection.2.3.2.20}{\376\377\0002\000.\0003\000.\0002\000.\0002\0000\000\040\000p\000a\000j\000e\000k\0002\000A\000R\000\050\000F\000I\000L\000E\000\040\000*\000\051}{subsection.2.3.2}% 71
\BOOKMARK [3][-]{subsubsection.2.3.2.21}{\376\377\0002\000.\0003\000.\0002\000.\0002\0001\000\040\000p\000a\000j\000e\000k\0002\000E\000i\000g\000e\000n\000\050\000F\000I\000L\000E\000\040\000*\000\051}{subsection.2.3.2}% 72
\BOOKMARK [1][-]{section.2.4}{\376\377\0002\000.\0004\000\040\000/\000U\000s\000e\000r\000s\000/\000a\000t\000a\000n\000t\000e\000t\000/\000P\000h\000D\000/\000d\000e\000v\000/\000A\000T\000S\000u\000i\000t\000e\000/\000c\000p\000p\000/\000a\000t\000m\000a\000t\000h\000.\000h\000p\000p\000\040\000F\000i\000l\000e\000\040\000R\000e\000f\000e\000r\000e\000n\000c\000e}{chapter.2}% 73
\BOOKMARK [2][-]{subsection.2.4.1}{\376\377\0002\000.\0004\000.\0001\000\040\000M\000a\000c\000r\000o\000\040\000D\000e\000f\000i\000n\000i\000t\000i\000o\000n\000\040\000D\000o\000c\000u\000m\000e\000n\000t\000a\000t\000i\000o\000n}{section.2.4}% 74
\BOOKMARK [3][-]{subsubsection.2.4.1.1}{\376\377\0002\000.\0004\000.\0001\000.\0001\000\040\000p\000l\000o\000g\0002\000p}{subsection.2.4.1}% 75
\BOOKMARK [2][-]{subsection.2.4.2}{\376\377\0002\000.\0004\000.\0002\000\040\000T\000y\000p\000e\000d\000e\000f\000\040\000D\000o\000c\000u\000m\000e\000n\000t\000a\000t\000i\000o\000n}{section.2.4}% 76
\BOOKMARK [3][-]{subsubsection.2.4.2.1}{\376\377\0002\000.\0004\000.\0002\000.\0001\000\040\000S\000p\000M\000a\000t\000C\000S\000C}{subsection.2.4.2}% 77
\BOOKMARK [3][-]{subsubsection.2.4.2.2}{\376\377\0002\000.\0004\000.\0002\000.\0002\000\040\000S\000p\000M\000a\000t\000C\000S\000C\000B\000o\000o\000l}{subsection.2.4.2}% 78
\BOOKMARK [3][-]{subsubsection.2.4.2.3}{\376\377\0002\000.\0004\000.\0002\000.\0003\000\040\000S\000p\000M\000a\000t\000C\000S\000R}{subsection.2.4.2}% 79
\BOOKMARK [3][-]{subsubsection.2.4.2.4}{\376\377\0002\000.\0004\000.\0002\000.\0004\000\040\000S\000p\000M\000a\000t\000I\000n\000t\000C\000S\000R}{subsection.2.4.2}% 80
\BOOKMARK [2][-]{subsection.2.4.3}{\376\377\0002\000.\0004\000.\0003\000\040\000F\000u\000n\000c\000t\000i\000o\000n\000\040\000D\000o\000c\000u\000m\000e\000n\000t\000a\000t\000i\000o\000n}{section.2.4}% 81
\BOOKMARK [3][-]{subsubsection.2.4.3.1}{\376\377\0002\000.\0004\000.\0003\000.\0001\000\040\000a\000n\000y\000\050\000S\000p\000M\000a\000t\000C\000S\000C\000B\000o\000o\000l\000\040\000*\000\051}{subsection.2.4.3}% 82
\BOOKMARK [3][-]{subsubsection.2.4.3.2}{\376\377\0002\000.\0004\000.\0003\000.\0002\000\040\000a\000r\000g\000m\000a\000x\000\050\000S\000p\000M\000a\000t\000C\000S\000C\000\040\000*\000\051}{subsection.2.4.3}% 83
\BOOKMARK [3][-]{subsubsection.2.4.3.3}{\376\377\0002\000.\0004\000.\0003\000.\0003\000\040\000c\000o\000n\000d\000i\000t\000i\000o\000n\0004\000E\000n\000t\000r\000o\000p\000y\000\050\000S\000p\000M\000a\000t\000C\000S\000C\000\040\000*\000\051}{subsection.2.4.3}% 84
\BOOKMARK [3][-]{subsubsection.2.4.3.4}{\376\377\0002\000.\0004\000.\0003\000.\0004\000\040\000c\000w\000i\000s\000e\000G\000T\000\050\000S\000p\000M\000a\000t\000C\000S\000C\000\040\000*\000,\000\040\000d\000o\000u\000b\000l\000e\000\051}{subsection.2.4.3}% 85
\BOOKMARK [3][-]{subsubsection.2.4.3.5}{\376\377\0002\000.\0004\000.\0003\000.\0005\000\040\000c\000w\000i\000s\000e\000L\000T\000\050\000S\000p\000M\000a\000t\000C\000S\000C\000\040\000*\000,\000\040\000d\000o\000u\000b\000l\000e\000\051}{subsection.2.4.3}% 86
\BOOKMARK [3][-]{subsubsection.2.4.3.6}{\376\377\0002\000.\0004\000.\0003\000.\0006\000\040\000e\000n\000t\000r\000o\000p\000y\000\050\000V\000e\000c\000t\000o\000r\000X\000d\000\040\000*\000\051}{subsection.2.4.3}% 87
\BOOKMARK [3][-]{subsubsection.2.4.3.7}{\376\377\0002\000.\0004\000.\0003\000.\0007\000\040\000e\000n\000t\000r\000o\000p\000y\000R\000a\000t\000e\000\050\000S\000p\000M\000a\000t\000C\000S\000C\000\040\000*\000,\000\040\000V\000e\000c\000t\000o\000r\000X\000d\000\040\000*\000\051}{subsection.2.4.3}% 88
\BOOKMARK [3][-]{subsubsection.2.4.3.8}{\376\377\0002\000.\0004\000.\0003\000.\0008\000\040\000e\000n\000t\000r\000o\000p\000y\000R\000a\000t\000e\000\050\000M\000a\000t\000r\000i\000x\000X\000d\000\040\000*\000,\000\040\000V\000e\000c\000t\000o\000r\000X\000d\000\040\000*\000\051}{subsection.2.4.3}% 89
\BOOKMARK [3][-]{subsubsection.2.4.3.9}{\376\377\0002\000.\0004\000.\0003\000.\0009\000\040\000g\000e\000t\000C\000o\000l\000S\000u\000m\000\050\000S\000p\000M\000a\000t\000C\000S\000R\000\040\000*\000\051}{subsection.2.4.3}% 90
\BOOKMARK [3][-]{subsubsection.2.4.3.10}{\376\377\0002\000.\0004\000.\0003\000.\0001\0000\000\040\000g\000e\000t\000C\000o\000l\000S\000u\000m\000\050\000S\000p\000M\000a\000t\000C\000S\000R\000\040\000*\000,\000\040\000g\000s\000l\000v\000e\000c\000t\000o\000r\000\040\000*\000\051}{subsection.2.4.3}% 91
\BOOKMARK [3][-]{subsubsection.2.4.3.11}{\376\377\0002\000.\0004\000.\0003\000.\0001\0001\000\040\000g\000e\000t\000C\000o\000l\000S\000u\000m\000\050\000S\000p\000M\000a\000t\000C\000S\000C\000\040\000*\000\051}{subsection.2.4.3}% 92
\BOOKMARK [3][-]{subsubsection.2.4.3.12}{\376\377\0002\000.\0004\000.\0003\000.\0001\0002\000\040\000g\000e\000t\000R\000o\000w\000S\000u\000m\000\050\000S\000p\000M\000a\000t\000C\000S\000R\000\040\000*\000\051}{subsection.2.4.3}% 93
\BOOKMARK [3][-]{subsubsection.2.4.3.13}{\376\377\0002\000.\0004\000.\0003\000.\0001\0003\000\040\000g\000e\000t\000R\000o\000w\000S\000u\000m\000\050\000S\000p\000M\000a\000t\000C\000S\000R\000\040\000*\000,\000\040\000g\000s\000l\000v\000e\000c\000t\000o\000r\000\040\000*\000\051}{subsection.2.4.3}% 94
\BOOKMARK [3][-]{subsubsection.2.4.3.14}{\376\377\0002\000.\0004\000.\0003\000.\0001\0004\000\040\000g\000e\000t\000R\000o\000w\000S\000u\000m\000\050\000S\000p\000M\000a\000t\000I\000n\000t\000C\000S\000R\000\040\000*\000\051}{subsection.2.4.3}% 95
\BOOKMARK [3][-]{subsubsection.2.4.3.15}{\376\377\0002\000.\0004\000.\0003\000.\0001\0005\000\040\000g\000e\000t\000S\000u\000m\000\050\000S\000p\000M\000a\000t\000C\000S\000R\000\040\000*\000\051}{subsection.2.4.3}% 96
\BOOKMARK [3][-]{subsubsection.2.4.3.16}{\376\377\0002\000.\0004\000.\0003\000.\0001\0006\000\040\000l\000o\000w\000l\000e\000v\000e\000l\000T\000r\000a\000n\000s\000i\000t\000i\000o\000n\000\050\000S\000p\000M\000a\000t\000C\000S\000C\000\040\000*\000,\000\040\000V\000e\000c\000t\000o\000r\000X\000d\000\040\000*\000,\000\040\000V\000e\000c\000t\000o\000r\000X\000i\000\040\000*\000,\000\040\000M\000a\000t\000r\000i\000x\000X\000d\000\040\000*\000,\000\040\000V\000e\000c\000t\000o\000r\000X\000d\000\040\000*\000\051}{subsection.2.4.3}% 97
\BOOKMARK [3][-]{subsubsection.2.4.3.17}{\376\377\0002\000.\0004\000.\0003\000.\0001\0007\000\040\000m\000a\000x\000\050\000S\000p\000M\000a\000t\000C\000S\000C\000\040\000*\000\051}{subsection.2.4.3}% 98
\BOOKMARK [3][-]{subsubsection.2.4.3.18}{\376\377\0002\000.\0004\000.\0003\000.\0001\0008\000\040\000m\000i\000n\000\050\000S\000p\000M\000a\000t\000C\000S\000C\000\040\000*\000\051}{subsection.2.4.3}% 99
\BOOKMARK [3][-]{subsubsection.2.4.3.19}{\376\377\0002\000.\0004\000.\0003\000.\0001\0009\000\040\000n\000o\000r\000m\000a\000l\000i\000z\000e\000R\000o\000w\000s\000\050\000S\000p\000M\000a\000t\000C\000S\000R\000\040\000*\000,\000\040\000g\000s\000l\000v\000e\000c\000t\000o\000r\000\040\000*\000\051}{subsection.2.4.3}% 100
\BOOKMARK [3][-]{subsubsection.2.4.3.20}{\376\377\0002\000.\0004\000.\0003\000.\0002\0000\000\040\000n\000o\000r\000m\000a\000l\000i\000z\000e\000V\000e\000c\000t\000o\000r\000\050\000g\000s\000l\000v\000e\000c\000t\000o\000r\000\040\000*\000\051}{subsection.2.4.3}% 101
\BOOKMARK [3][-]{subsubsection.2.4.3.21}{\376\377\0002\000.\0004\000.\0003\000.\0002\0001\000\040\000s\000u\000m\000V\000e\000c\000t\000o\000r\000E\000l\000e\000m\000e\000n\000t\000s\000\050\000g\000s\000l\000v\000e\000c\000t\000o\000r\000\040\000*\000\051}{subsection.2.4.3}% 102
\BOOKMARK [3][-]{subsubsection.2.4.3.22}{\376\377\0002\000.\0004\000.\0003\000.\0002\0002\000\040\000t\000o\000A\000n\000d\000S\000t\000o\000c\000h\000a\000s\000t\000i\000c\000\050\000S\000p\000M\000a\000t\000C\000S\000R\000\040\000*\000\051}{subsection.2.4.3}% 103
\BOOKMARK [3][-]{subsubsection.2.4.3.23}{\376\377\0002\000.\0004\000.\0003\000.\0002\0003\000\040\000t\000o\000A\000n\000d\000S\000t\000o\000c\000h\000a\000s\000t\000i\000c\000\050\000S\000p\000M\000a\000t\000C\000S\000C\000\040\000*\000\051}{subsection.2.4.3}% 104
\BOOKMARK [3][-]{subsubsection.2.4.3.24}{\376\377\0002\000.\0004\000.\0003\000.\0002\0004\000\040\000t\000o\000L\000e\000f\000t\000S\000t\000o\000c\000h\000a\000s\000t\000i\000c\000\050\000S\000p\000M\000a\000t\000C\000S\000R\000\040\000*\000\051}{subsection.2.4.3}% 105
\BOOKMARK [3][-]{subsubsection.2.4.3.25}{\376\377\0002\000.\0004\000.\0003\000.\0002\0005\000\040\000t\000o\000R\000i\000g\000h\000t\000S\000t\000o\000c\000h\000a\000s\000t\000i\000c\000\050\000S\000p\000M\000a\000t\000C\000S\000C\000\040\000*\000\051}{subsection.2.4.3}% 106
\BOOKMARK [3][-]{subsubsection.2.4.3.26}{\376\377\0002\000.\0004\000.\0003\000.\0002\0006\000\040\000t\000o\000R\000i\000g\000h\000t\000S\000t\000o\000c\000h\000a\000s\000t\000i\000c\000\050\000S\000p\000M\000a\000t\000C\000S\000R\000\040\000*\000\051}{subsection.2.4.3}% 107
\BOOKMARK [1][-]{section.2.5}{\376\377\0002\000.\0005\000\040\000/\000U\000s\000e\000r\000s\000/\000a\000t\000a\000n\000t\000e\000t\000/\000P\000h\000D\000/\000d\000e\000v\000/\000A\000T\000S\000u\000i\000t\000e\000/\000c\000p\000p\000/\000a\000t\000s\000p\000e\000c\000t\000r\000u\000m\000.\000h\000p\000p\000\040\000F\000i\000l\000e\000\040\000R\000e\000f\000e\000r\000e\000n\000c\000e}{chapter.2}% 108
\BOOKMARK [2][-]{subsection.2.5.1}{\376\377\0002\000.\0005\000.\0001\000\040\000F\000u\000n\000c\000t\000i\000o\000n\000\040\000D\000o\000c\000u\000m\000e\000n\000t\000a\000t\000i\000o\000n}{section.2.5}% 109
\BOOKMARK [3][-]{subsubsection.2.5.1.1}{\376\377\0002\000.\0005\000.\0001\000.\0001\000\040\000g\000e\000t\000E\000i\000g\000V\000a\000l\000N\000o\000n\000S\000y\000m\000\050\000A\000R\000l\000u\000N\000o\000n\000S\000y\000m\000M\000a\000t\000r\000i\000x\000<\000\040\000d\000o\000u\000b\000l\000e\000,\000\040\000d\000o\000u\000b\000l\000e\000\040\000>\000\040\000*\000,\000\040\000d\000o\000u\000b\000l\000e\000\040\000*\000,\000\040\000d\000o\000u\000b\000l\000e\000\040\000*\000,\000\040\000i\000n\000t\000,\000\040\000c\000o\000n\000s\000t\000\040\000c\000h\000a\000r\000\040\000*\000,\000\040\000d\000o\000u\000b\000l\000e\000,\000\040\000i\000n\000t\000,\000\040\000i\000n\000t\000,\000\040\000b\000o\000o\000l\000,\000\040\000d\000o\000u\000b\000l\000e\000\040\000*\000\051}{subsection.2.5.1}% 110
\BOOKMARK [1][-]{section.2.6}{\376\377\0002\000.\0006\000\040\000/\000U\000s\000e\000r\000s\000/\000a\000t\000a\000n\000t\000e\000t\000/\000P\000h\000D\000/\000d\000e\000v\000/\000A\000T\000S\000u\000i\000t\000e\000/\000c\000p\000p\000/\000O\000D\000E\000S\000o\000l\000v\000e\000r\000s\000.\000h\000p\000p\000\040\000F\000i\000l\000e\000\040\000R\000e\000f\000e\000r\000e\000n\000c\000e}{chapter.2}% 111
\BOOKMARK [2][-]{subsection.2.6.1}{\376\377\0002\000.\0006\000.\0001\000\040\000F\000u\000n\000c\000t\000i\000o\000n\000\040\000D\000o\000c\000u\000m\000e\000n\000t\000a\000t\000i\000o\000n}{section.2.6}% 112
\BOOKMARK [3][-]{subsubsection.2.6.1.1}{\376\377\0002\000.\0006\000.\0001\000.\0001\000\040\000c\000u\000s\000p\000E\000u\000l\000e\000r\000\050\000g\000s\000l\000v\000e\000c\000t\000o\000r\000\040\000*\000,\000\040\000d\000o\000u\000b\000l\000e\000,\000\040\000d\000o\000u\000b\000l\000e\000,\000\040\000d\000o\000u\000b\000l\000e\000\051}{subsection.2.6.1}% 113
\BOOKMARK [3][-]{subsubsection.2.6.1.2}{\376\377\0002\000.\0006\000.\0001\000.\0002\000\040\000c\000u\000s\000p\000F\000i\000e\000l\000d\000\050\000g\000s\000l\000v\000e\000c\000t\000o\000r\000\040\000*\000,\000\040\000d\000o\000u\000b\000l\000e\000,\000\040\000d\000o\000u\000b\000l\000e\000\051}{subsection.2.6.1}% 114
\BOOKMARK [3][-]{subsubsection.2.6.1.3}{\376\377\0002\000.\0006\000.\0001\000.\0003\000\040\000g\000e\000n\000e\000r\000a\000t\000e\000C\000u\000s\000p\000E\000u\000l\000e\000r\000\050\000g\000s\000l\000v\000e\000c\000t\000o\000r\000\040\000*\000,\000\040\000d\000o\000u\000b\000l\000e\000,\000\040\000d\000o\000u\000b\000l\000e\000,\000\040\000d\000o\000u\000b\000l\000e\000,\000\040\000d\000o\000u\000b\000l\000e\000,\000\040\000i\000n\000t\000,\000\040\000d\000o\000u\000b\000l\000e\000\051}{subsection.2.6.1}% 115
\BOOKMARK [3][-]{subsubsection.2.6.1.4}{\376\377\0002\000.\0006\000.\0001\000.\0004\000\040\000g\000e\000n\000e\000r\000a\000t\000e\000L\000o\000r\000e\000n\000z\000R\000K\0004\000\050\000g\000s\000l\000v\000e\000c\000t\000o\000r\000\040\000*\000,\000\040\000d\000o\000u\000b\000l\000e\000,\000\040\000d\000o\000u\000b\000l\000e\000,\000\040\000d\000o\000u\000b\000l\000e\000,\000\040\000d\000o\000u\000b\000l\000e\000,\000\040\000d\000o\000u\000b\000l\000e\000,\000\040\000i\000n\000t\000,\000\040\000d\000o\000u\000b\000l\000e\000\051}{subsection.2.6.1}% 116
\BOOKMARK [3][-]{subsubsection.2.6.1.5}{\376\377\0002\000.\0006\000.\0001\000.\0005\000\040\000l\000o\000r\000e\000n\000z\000F\000i\000e\000l\000d\000\050\000g\000s\000l\000v\000e\000c\000t\000o\000r\000\040\000*\000,\000\040\000d\000o\000u\000b\000l\000e\000,\000\040\000d\000o\000u\000b\000l\000e\000,\000\040\000d\000o\000u\000b\000l\000e\000\051}{subsection.2.6.1}% 117
\BOOKMARK [3][-]{subsubsection.2.6.1.6}{\376\377\0002\000.\0006\000.\0001\000.\0006\000\040\000l\000o\000r\000e\000n\000z\000R\000K\0004\000\050\000g\000s\000l\000v\000e\000c\000t\000o\000r\000\040\000*\000,\000\040\000d\000o\000u\000b\000l\000e\000,\000\040\000d\000o\000u\000b\000l\000e\000,\000\040\000d\000o\000u\000b\000l\000e\000,\000\040\000d\000o\000u\000b\000l\000e\000\051}{subsection.2.6.1}% 118
\BOOKMARK [1][-]{section.2.7}{\376\377\0002\000.\0007\000\040\000/\000U\000s\000e\000r\000s\000/\000a\000t\000a\000n\000t\000e\000t\000/\000P\000h\000D\000/\000d\000e\000v\000/\000A\000T\000S\000u\000i\000t\000e\000/\000c\000p\000p\000/\000S\000D\000E\000S\000o\000l\000v\000e\000r\000s\000.\000h\000p\000p\000\040\000F\000i\000l\000e\000\040\000R\000e\000f\000e\000r\000e\000n\000c\000e}{chapter.2}% 119
\BOOKMARK [2][-]{subsection.2.7.1}{\376\377\0002\000.\0007\000.\0001\000\040\000F\000u\000n\000c\000t\000i\000o\000n\000\040\000D\000o\000c\000u\000m\000e\000n\000t\000a\000t\000i\000o\000n}{section.2.7}% 120
\BOOKMARK [3][-]{subsubsection.2.7.1.1}{\376\377\0002\000.\0007\000.\0001\000.\0001\000\040\000a\000d\000d\000i\000t\000i\000v\000e\000W\000i\000e\000n\000e\000r\000F\000i\000e\000l\000d\000\050\000d\000o\000u\000b\000l\000e\000,\000\040\000g\000s\000l\000v\000e\000c\000t\000o\000r\000\040\000*\000\051}{subsection.2.7.1}% 121
\BOOKMARK [3][-]{subsubsection.2.7.1.2}{\376\377\0002\000.\0007\000.\0001\000.\0002\000\040\000c\000u\000s\000p\000A\000d\000d\000i\000t\000i\000v\000e\000W\000i\000e\000n\000e\000r\000E\000M\000\050\000g\000s\000l\000v\000e\000c\000t\000o\000r\000\040\000*\000,\000\040\000d\000o\000u\000b\000l\000e\000,\000\040\000d\000o\000u\000b\000l\000e\000,\000\040\000g\000s\000l\000v\000e\000c\000t\000o\000r\000\040\000*\000,\000\040\000d\000o\000u\000b\000l\000e\000,\000\040\000d\000o\000u\000b\000l\000e\000\051}{subsection.2.7.1}% 122
\BOOKMARK [3][-]{subsubsection.2.7.1.3}{\376\377\0002\000.\0007\000.\0001\000.\0003\000\040\000g\000e\000n\000e\000r\000a\000t\000e\000C\000u\000s\000p\000A\000d\000d\000i\000t\000i\000v\000e\000W\000i\000e\000n\000e\000r\000E\000M\000\050\000g\000s\000l\000v\000e\000c\000t\000o\000r\000\040\000*\000,\000\040\000d\000o\000u\000b\000l\000e\000,\000\040\000d\000o\000u\000b\000l\000e\000,\000\040\000g\000s\000l\000m\000a\000t\000r\000i\000x\000\040\000*\000,\000\040\000d\000o\000u\000b\000l\000e\000,\000\040\000d\000o\000u\000b\000l\000e\000,\000\040\000d\000o\000u\000b\000l\000e\000,\000\040\000i\000n\000t\000,\000\040\000d\000o\000u\000b\000l\000e\000\051}{subsection.2.7.1}% 123
\BOOKMARK [3][-]{subsubsection.2.7.1.4}{\376\377\0002\000.\0007\000.\0001\000.\0004\000\040\000g\000e\000n\000e\000r\000a\000t\000e\000C\000u\000s\000p\000A\000d\000d\000i\000t\000i\000v\000e\000W\000i\000e\000n\000e\000r\000E\000M\000\050\000g\000s\000l\000v\000e\000c\000t\000o\000r\000\040\000*\000,\000\040\000d\000o\000u\000b\000l\000e\000,\000\040\000g\000s\000l\000v\000e\000c\000t\000o\000r\000\040\000*\000,\000\040\000g\000s\000l\000m\000a\000t\000r\000i\000x\000\040\000*\000,\000\040\000d\000o\000u\000b\000l\000e\000,\000\040\000d\000o\000u\000b\000l\000e\000,\000\040\000d\000o\000u\000b\000l\000e\000,\000\040\000i\000n\000t\000,\000\040\000d\000o\000u\000b\000l\000e\000\051}{subsection.2.7.1}% 124
\BOOKMARK [3][-]{subsubsection.2.7.1.5}{\376\377\0002\000.\0007\000.\0001\000.\0005\000\040\000g\000e\000n\000e\000r\000a\000t\000e\000L\000o\000r\000e\000n\000z\000L\000i\000n\000e\000a\000r\000W\000i\000e\000n\000e\000r\000E\000M\000\050\000g\000s\000l\000v\000e\000c\000t\000o\000r\000\040\000*\000,\000\040\000d\000o\000u\000b\000l\000e\000,\000\040\000d\000o\000u\000b\000l\000e\000,\000\040\000d\000o\000u\000b\000l\000e\000,\000\040\000g\000s\000l\000m\000a\000t\000r\000i\000x\000\040\000*\000,\000\040\000d\000o\000u\000b\000l\000e\000,\000\040\000d\000o\000u\000b\000l\000e\000,\000\040\000d\000o\000u\000b\000l\000e\000,\000\040\000i\000n\000t\000,\000\040\000d\000o\000u\000b\000l\000e\000\051}{subsection.2.7.1}% 125
\BOOKMARK [3][-]{subsubsection.2.7.1.6}{\376\377\0002\000.\0007\000.\0001\000.\0006\000\040\000l\000i\000n\000e\000a\000r\000W\000i\000e\000n\000e\000r\000F\000i\000e\000l\000d\000\050\000g\000s\000l\000v\000e\000c\000t\000o\000r\000\040\000*\000,\000\040\000d\000o\000u\000b\000l\000e\000,\000\040\000g\000s\000l\000v\000e\000c\000t\000o\000r\000\040\000*\000\051}{subsection.2.7.1}% 126
\BOOKMARK [3][-]{subsubsection.2.7.1.7}{\376\377\0002\000.\0007\000.\0001\000.\0007\000\040\000l\000o\000r\000e\000n\000z\000L\000i\000n\000e\000a\000r\000W\000i\000e\000n\000e\000r\000E\000M\000\050\000g\000s\000l\000v\000e\000c\000t\000o\000r\000\040\000*\000,\000\040\000d\000o\000u\000b\000l\000e\000,\000\040\000d\000o\000u\000b\000l\000e\000,\000\040\000d\000o\000u\000b\000l\000e\000,\000\040\000g\000s\000l\000v\000e\000c\000t\000o\000r\000\040\000*\000,\000\040\000d\000o\000u\000b\000l\000e\000,\000\040\000d\000o\000u\000b\000l\000e\000\051}{subsection.2.7.1}% 127
\BOOKMARK [1][-]{section.2.8}{\376\377\0002\000.\0008\000\040\000/\000U\000s\000e\000r\000s\000/\000a\000t\000a\000n\000t\000e\000t\000/\000P\000h\000D\000/\000d\000e\000v\000/\000A\000T\000S\000u\000i\000t\000e\000/\000c\000p\000p\000/\000t\000r\000a\000n\000s\000f\000e\000r\000O\000p\000e\000r\000a\000t\000o\000r\000.\000h\000p\000p\000\040\000F\000i\000l\000e\000\040\000R\000e\000f\000e\000r\000e\000n\000c\000e}{chapter.2}% 128
\BOOKMARK [2][-]{subsection.2.8.1}{\376\377\0002\000.\0008\000.\0001\000\040\000T\000y\000p\000e\000d\000e\000f\000\040\000D\000o\000c\000u\000m\000e\000n\000t\000a\000t\000i\000o\000n}{section.2.8}% 129
\BOOKMARK [3][-]{subsubsection.2.8.1.1}{\376\377\0002\000.\0008\000.\0001\000.\0001\000\040\000S\000p\000M\000a\000t\000C\000S\000C}{subsection.2.8.1}% 130
\BOOKMARK [3][-]{subsubsection.2.8.1.2}{\376\377\0002\000.\0008\000.\0001\000.\0002\000\040\000S\000p\000M\000a\000t\000C\000S\000R}{subsection.2.8.1}% 131
\BOOKMARK [3][-]{subsubsection.2.8.1.3}{\376\377\0002\000.\0008\000.\0001\000.\0003\000\040\000t\000r\000i\000p\000l\000e\000t}{subsection.2.8.1}% 132
\BOOKMARK [3][-]{subsubsection.2.8.1.4}{\376\377\0002\000.\0008\000.\0001\000.\0004\000\040\000t\000r\000i\000p\000l\000e\000t\000U\000I\000n\000t}{subsection.2.8.1}% 133
\BOOKMARK [3][-]{subsubsection.2.8.1.5}{\376\377\0002\000.\0008\000.\0001\000.\0005\000\040\000t\000r\000i\000p\000l\000e\000t\000U\000I\000n\000t\000V\000e\000c\000t\000o\000r}{subsection.2.8.1}% 134
\BOOKMARK [3][-]{subsubsection.2.8.1.6}{\376\377\0002\000.\0008\000.\0001\000.\0006\000\040\000t\000r\000i\000p\000l\000e\000t\000V\000e\000c\000t\000o\000r}{subsection.2.8.1}% 135
\BOOKMARK [2][-]{subsection.2.8.2}{\376\377\0002\000.\0008\000.\0002\000\040\000F\000u\000n\000c\000t\000i\000o\000n\000\040\000D\000o\000c\000u\000m\000e\000n\000t\000a\000t\000i\000o\000n}{section.2.8}% 136
\BOOKMARK [3][-]{subsubsection.2.8.2.1}{\376\377\0002\000.\0008\000.\0002\000.\0001\000\040\000f\000i\000l\000t\000e\000r\000T\000r\000a\000n\000s\000i\000t\000i\000o\000n\000M\000a\000t\000r\000i\000x\000\050\000S\000p\000M\000a\000t\000C\000S\000R\000\040\000*\000,\000\040\000g\000s\000l\000v\000e\000c\000t\000o\000r\000\040\000*\000,\000\040\000g\000s\000l\000v\000e\000c\000t\000o\000r\000\040\000*\000,\000\040\000d\000o\000u\000b\000l\000e\000\051}{subsection.2.8.2}% 137
\BOOKMARK [3][-]{subsubsection.2.8.2.2}{\376\377\0002\000.\0008\000.\0002\000.\0002\000\040\000f\000i\000l\000t\000e\000r\000T\000r\000a\000n\000s\000i\000t\000i\000o\000n\000M\000a\000t\000r\000i\000x\000\050\000S\000p\000M\000a\000t\000C\000S\000R\000\040\000*\000T\000,\000\040\000g\000s\000l\000v\000e\000c\000t\000o\000r\000\040\000*\000r\000o\000w\000C\000u\000t\000,\000\040\000g\000s\000l\000v\000e\000c\000t\000o\000r\000\040\000*\000c\000o\000l\000C\000u\000t\000,\000\040\000d\000o\000u\000b\000l\000e\000\040\000a\000l\000p\000h\000a\000,\000\040\000i\000n\000t\000\040\000n\000o\000r\000m\000\051}{subsection.2.8.2}% 138
\BOOKMARK [3][-]{subsubsection.2.8.2.3}{\376\377\0002\000.\0008\000.\0002\000.\0003\000\040\000g\000e\000t\000B\000o\000x\000M\000e\000m\000b\000e\000r\000s\000h\000i\000p\000\050\000g\000s\000l\000v\000e\000c\000t\000o\000r\000\040\000*\000,\000\040\000c\000o\000n\000s\000t\000\040\000s\000t\000d\000:\000:\000v\000e\000c\000t\000o\000r\000<\000\040\000g\000s\000l\000v\000e\000c\000t\000o\000r\000\040\000*\000\040\000>\000\040\000*\000\051}{subsection.2.8.2}% 139
\BOOKMARK [3][-]{subsubsection.2.8.2.4}{\376\377\0002\000.\0008\000.\0002\000.\0004\000\040\000g\000e\000t\000G\000r\000i\000d\000M\000e\000m\000b\000e\000r\000s\000h\000i\000p\000\050\000c\000o\000n\000s\000t\000\040\000g\000s\000l\000m\000a\000t\000r\000i\000x\000\040\000*\000,\000\040\000c\000o\000n\000s\000t\000\040\000g\000s\000l\000m\000a\000t\000r\000i\000x\000\040\000*\000,\000\040\000c\000o\000n\000s\000t\000\040\000s\000t\000d\000:\000:\000v\000e\000c\000t\000o\000r\000<\000\040\000g\000s\000l\000v\000e\000c\000t\000o\000r\000\040\000*\000\040\000>\000\040\000*\000\051}{subsection.2.8.2}% 140
\BOOKMARK [3][-]{subsubsection.2.8.2.5}{\376\377\0002\000.\0008\000.\0002\000.\0005\000\040\000g\000e\000t\000G\000r\000i\000d\000M\000e\000m\000b\000e\000r\000s\000h\000i\000p\000\050\000c\000o\000n\000s\000t\000\040\000g\000s\000l\000m\000a\000t\000r\000i\000x\000\040\000*\000,\000\040\000c\000o\000n\000s\000t\000\040\000s\000t\000d\000:\000:\000v\000e\000c\000t\000o\000r\000<\000\040\000g\000s\000l\000v\000e\000c\000t\000o\000r\000\040\000*\000\040\000>\000\040\000*\000,\000\040\000c\000o\000n\000s\000t\000\040\000s\000i\000z\000e\000t\000\051}{subsection.2.8.2}% 141
\BOOKMARK [3][-]{subsubsection.2.8.2.6}{\376\377\0002\000.\0008\000.\0002\000.\0006\000\040\000g\000e\000t\000G\000r\000i\000d\000M\000e\000m\000b\000e\000r\000s\000h\000i\000p\000\050\000c\000o\000n\000s\000t\000\040\000g\000s\000l\000m\000a\000t\000r\000i\000x\000\040\000*\000,\000\040\000c\000o\000n\000s\000t\000\040\000s\000t\000d\000:\000:\000v\000e\000c\000t\000o\000r\000<\000\040\000g\000s\000l\000v\000e\000c\000t\000o\000r\000\040\000*\000\040\000>\000\040\000*\000\051}{subsection.2.8.2}% 142
\BOOKMARK [3][-]{subsubsection.2.8.2.7}{\376\377\0002\000.\0008\000.\0002\000.\0007\000\040\000g\000e\000t\000G\000r\000i\000d\000M\000e\000m\000b\000e\000r\000s\000h\000i\000p\000\050\000g\000s\000l\000v\000e\000c\000t\000o\000r\000u\000i\000n\000t\000\040\000*\000,\000\040\000c\000o\000n\000s\000t\000\040\000s\000i\000z\000e\000t\000\051}{subsection.2.8.2}% 143
\BOOKMARK [3][-]{subsubsection.2.8.2.8}{\376\377\0002\000.\0008\000.\0002\000.\0008\000\040\000g\000e\000t\000G\000r\000i\000d\000R\000e\000c\000t\000\050\000s\000i\000z\000e\000t\000,\000\040\000s\000i\000z\000e\000t\000,\000\040\000d\000o\000u\000b\000l\000e\000,\000\040\000d\000o\000u\000b\000l\000e\000\051}{subsection.2.8.2}% 144
\BOOKMARK [3][-]{subsubsection.2.8.2.9}{\376\377\0002\000.\0008\000.\0002\000.\0009\000\040\000g\000e\000t\000G\000r\000i\000d\000R\000e\000c\000t\000\050\000g\000s\000l\000v\000e\000c\000t\000o\000r\000u\000i\000n\000t\000\040\000*\000,\000\040\000g\000s\000l\000v\000e\000c\000t\000o\000r\000\040\000*\000,\000\040\000g\000s\000l\000v\000e\000c\000t\000o\000r\000\040\000*\000\051}{subsection.2.8.2}% 145
\BOOKMARK [3][-]{subsubsection.2.8.2.10}{\376\377\0002\000.\0008\000.\0002\000.\0001\0000\000\040\000g\000e\000t\000T\000r\000a\000n\000s\000i\000t\000i\000o\000n\000M\000a\000t\000r\000i\000x\000\050\000c\000o\000n\000s\000t\000\040\000g\000s\000l\000m\000a\000t\000r\000i\000x\000u\000i\000n\000t\000\040\000*\000,\000\040\000c\000o\000n\000s\000t\000\040\000s\000i\000z\000e\000t\000,\000\040\000S\000p\000M\000a\000t\000C\000S\000R\000\040\000*\000,\000\040\000S\000p\000M\000a\000t\000C\000S\000R\000\040\000*\000,\000\040\000g\000s\000l\000v\000e\000c\000t\000o\000r\000\040\000*\000,\000\040\000g\000s\000l\000v\000e\000c\000t\000o\000r\000\040\000*\000\051}{subsection.2.8.2}% 146
\BOOKMARK [3][-]{subsubsection.2.8.2.11}{\376\377\0002\000.\0008\000.\0002\000.\0001\0001\000\040\000g\000e\000t\000T\000r\000a\000n\000s\000i\000t\000i\000o\000n\000M\000a\000t\000r\000i\000x\000\050\000c\000o\000n\000s\000t\000\040\000g\000s\000l\000m\000a\000t\000r\000i\000x\000\040\000*\000,\000\040\000c\000o\000n\000s\000t\000\040\000g\000s\000l\000m\000a\000t\000r\000i\000x\000\040\000*\000,\000\040\000c\000o\000n\000s\000t\000\040\000s\000t\000d\000:\000:\000v\000e\000c\000t\000o\000r\000<\000\040\000g\000s\000l\000v\000e\000c\000t\000o\000r\000\040\000*\000\040\000>\000\040\000*\000,\000\040\000S\000p\000M\000a\000t\000C\000S\000R\000\040\000*\000,\000\040\000S\000p\000M\000a\000t\000C\000S\000R\000\040\000*\000,\000\040\000g\000s\000l\000v\000e\000c\000t\000o\000r\000\040\000*\000,\000\040\000g\000s\000l\000v\000e\000c\000t\000o\000r\000\040\000*\000\051}{subsection.2.8.2}% 147
\BOOKMARK [3][-]{subsubsection.2.8.2.12}{\376\377\0002\000.\0008\000.\0002\000.\0001\0002\000\040\000g\000e\000t\000T\000r\000a\000n\000s\000i\000t\000i\000o\000n\000M\000a\000t\000r\000i\000x\000\050\000c\000o\000n\000s\000t\000\040\000g\000s\000l\000m\000a\000t\000r\000i\000x\000\040\000*\000,\000\040\000c\000o\000n\000s\000t\000\040\000s\000t\000d\000:\000:\000v\000e\000c\000t\000o\000r\000<\000\040\000g\000s\000l\000v\000e\000c\000t\000o\000r\000\040\000*\000\040\000>\000\040\000*\000,\000\040\000c\000o\000n\000s\000t\000\040\000s\000i\000z\000e\000t\000\040\000t\000a\000u\000S\000t\000e\000p\000,\000\040\000S\000p\000M\000a\000t\000C\000S\000R\000\040\000*\000,\000\040\000S\000p\000M\000a\000t\000C\000S\000R\000\040\000*\000,\000\040\000g\000s\000l\000v\000e\000c\000t\000o\000r\000\040\000*\000,\000\040\000g\000s\000l\000v\000e\000c\000t\000o\000r\000\040\000*\000\051}{subsection.2.8.2}% 148
\BOOKMARK [3][-]{subsubsection.2.8.2.13}{\376\377\0002\000.\0008\000.\0002\000.\0001\0003\000\040\000w\000r\000i\000t\000e\000G\000r\000i\000d\000R\000e\000c\000t\000\050\000F\000I\000L\000E\000\040\000*\000,\000\040\000s\000t\000d\000:\000:\000v\000e\000c\000t\000o\000r\000<\000\040\000g\000s\000l\000v\000e\000c\000t\000o\000r\000\040\000*\000\040\000>\000\040\000*\000,\000\040\000b\000o\000o\000l\000\051}{subsection.2.8.2}% 149
\BOOKMARK [1][-]{section.2.9}{\376\377\0002\000.\0009\000\040\000/\000U\000s\000e\000r\000s\000/\000a\000t\000a\000n\000t\000e\000t\000/\000P\000h\000D\000/\000d\000e\000v\000/\000A\000T\000S\000u\000i\000t\000e\000/\000c\000p\000p\000/\000t\000r\000a\000n\000s\000f\000e\000r\000O\000p\000e\000r\000a\000t\000o\000r\000T\000e\000s\000t\000.\000h\000p\000p\000\040\000F\000i\000l\000e\000\040\000R\000e\000f\000e\000r\000e\000n\000c\000e}{chapter.2}% 150
\BOOKMARK [2][-]{subsection.2.9.1}{\376\377\0002\000.\0009\000.\0001\000\040\000T\000y\000p\000e\000d\000e\000f\000\040\000D\000o\000c\000u\000m\000e\000n\000t\000a\000t\000i\000o\000n}{section.2.9}% 151
\BOOKMARK [3][-]{subsubsection.2.9.1.1}{\376\377\0002\000.\0009\000.\0001\000.\0001\000\040\000S\000p\000M\000a\000t\000C\000S\000C}{subsection.2.9.1}% 152
\BOOKMARK [3][-]{subsubsection.2.9.1.2}{\376\377\0002\000.\0009\000.\0001\000.\0002\000\040\000S\000p\000M\000a\000t\000C\000S\000R}{subsection.2.9.1}% 153
\BOOKMARK [3][-]{subsubsection.2.9.1.3}{\376\377\0002\000.\0009\000.\0001\000.\0003\000\040\000t\000r\000i\000p\000l\000e\000t}{subsection.2.9.1}% 154
\BOOKMARK [3][-]{subsubsection.2.9.1.4}{\376\377\0002\000.\0009\000.\0001\000.\0004\000\040\000t\000r\000i\000p\000l\000e\000t\000V\000e\000c\000t\000o\000r}{subsection.2.9.1}% 155
\BOOKMARK [2][-]{subsection.2.9.2}{\376\377\0002\000.\0009\000.\0002\000\040\000F\000u\000n\000c\000t\000i\000o\000n\000\040\000D\000o\000c\000u\000m\000e\000n\000t\000a\000t\000i\000o\000n}{section.2.9}% 156
\BOOKMARK [3][-]{subsubsection.2.9.2.1}{\376\377\0002\000.\0009\000.\0002\000.\0001\000\040\000g\000e\000t\000S\000h\000u\000f\000f\000l\000e\000d\000C\000o\000u\000n\000t\000M\000a\000t\000r\000i\000x\000\050\000S\000p\000M\000a\000t\000C\000S\000R\000\040\000*\000,\000\040\000g\000s\000l\000v\000e\000c\000t\000o\000r\000\040\000*\000,\000\040\000g\000s\000l\000r\000n\000g\000\040\000*\000\051}{subsection.2.9.2}% 157
\BOOKMARK [3][-]{subsubsection.2.9.2.2}{\376\377\0002\000.\0009\000.\0002\000.\0002\000\040\000g\000e\000t\000S\000h\000u\000f\000f\000l\000e\000d\000R\000o\000w\000\050\000S\000p\000M\000a\000t\000C\000S\000R\000\040\000*\000,\000\040\000s\000i\000z\000e\000t\000,\000\040\000s\000i\000z\000e\000t\000,\000\040\000t\000r\000i\000p\000l\000e\000t\000V\000e\000c\000t\000o\000r\000\040\000*\000,\000\040\000g\000s\000l\000r\000n\000g\000\040\000*\000\051}{subsection.2.9.2}% 158
\BOOKMARK [3][-]{subsubsection.2.9.2.3}{\376\377\0002\000.\0009\000.\0002\000.\0003\000\040\000g\000e\000t\000S\000u\000r\000r\000o\000g\000a\000t\000e\000S\000p\000e\000c\000t\000r\000u\000m\000\050\000g\000s\000l\000v\000e\000c\000t\000o\000r\000i\000n\000t\000\040\000*\000,\000\040\000s\000i\000z\000e\000t\000,\000\040\000s\000i\000z\000e\000t\000,\000\040\000g\000s\000l\000m\000a\000t\000r\000i\000x\000\040\000*\000,\000\040\000g\000s\000l\000m\000a\000t\000r\000i\000x\000\040\000*\000,\000\040\000c\000o\000n\000s\000t\000\040\000c\000h\000a\000r\000\040\000*\000,\000\040\000d\000o\000u\000b\000l\000e\000,\000\040\000i\000n\000t\000,\000\040\000i\000n\000t\000,\000\040\000b\000o\000o\000l\000,\000\040\000d\000o\000u\000b\000l\000e\000\040\000*\000\051}{subsection.2.9.2}% 159
\BOOKMARK [3][-]{subsubsection.2.9.2.4}{\376\377\0002\000.\0009\000.\0002\000.\0004\000\040\000g\000e\000t\000S\000u\000r\000r\000o\000g\000a\000t\000e\000S\000p\000e\000c\000t\000r\000u\000m\000F\000r\000o\000m\000C\000o\000u\000n\000t\000\050\000S\000p\000M\000a\000t\000C\000S\000R\000\040\000*\000,\000\040\000g\000s\000l\000r\000n\000g\000\040\000*\000,\000\040\000g\000s\000l\000m\000a\000t\000r\000i\000x\000\040\000*\000,\000\040\000g\000s\000l\000m\000a\000t\000r\000i\000x\000\040\000*\000,\000\040\000c\000o\000n\000s\000t\000\040\000c\000h\000a\000r\000\040\000*\000,\000\040\000d\000o\000u\000b\000l\000e\000,\000\040\000i\000n\000t\000,\000\040\000i\000n\000t\000,\000\040\000b\000o\000o\000l\000,\000\040\000d\000o\000u\000b\000l\000e\000\040\000*\000\051}{subsection.2.9.2}% 160
\BOOKMARK [0][-]{section*.19}{\376\377\000I\000n\000d\000e\000x}{}% 161
